<?xml version="1.0" encoding="UTF-8"?>
<!-- Generated by org.testng.reporters.JUnitReportReporter -->
<testsuite skipped="0" hostname="DESKTOP-M5ICCCG" name="qaclickacademy.NavigateTest" tests="3" failures="0" timestamp="2019-12-22T22:29:50 EST" time="12.266" errors="0">
  <testcase name="homePageNavigation" time="1.741" classname="qaclickacademy.NavigateTest"/>
  <testcase name="basePageNavigation" time="6.738" classname="qaclickacademy.NavigateTest"/>
  <testcase name="basePageNavigation" time="3.787" classname="qaclickacademy.NavigateTest"/>
</testsuite> <!-- qaclickacademy.NavigateTest -->
